0 verbose cli /data/data/com.termux/files/usr/bin/node /data/data/com.termux/files/usr/bin/npm
1 info using npm@11.6.0
2 info using node@v24.9.0
3 silly config load:file:/data/data/com.termux/files/usr/lib/node_modules/npm/npmrc
4 silly config load:file:/data/data/com.termux/files/home/.npmrc
5 silly config load:file:/data/data/com.termux/files/usr/etc/npmrc
6 verbose title npm run dev --host
7 verbose argv "run" "dev" "--" "--host"
8 verbose logfile logs-max:10 dir:/data/data/com.termux/files/home/.npm/_logs/2025-10-31T15_14_13_954Z-
9 verbose logfile /data/data/com.termux/files/home/.npm/_logs/2025-10-31T15_14_13_954Z-debug-0.log
10 silly logfile done cleaning log files
11 verbose stack Error: Could not read package.json: Error: ENOENT: no such file or directory, open '/data/data/com.termux/files/home/package.json'
11 verbose stack     at async open (node:internal/fs/promises:642:25)
11 verbose stack     at async readFile (node:internal/fs/promises:1279:14)
11 verbose stack     at async read (/data/data/com.termux/files/usr/lib/node_modules/npm/node_modules/@npmcli/package-json/lib/read-package.js:9:18)
11 verbose stack     at async PackageJson.load (/data/data/com.termux/files/usr/lib/node_modules/npm/node_modules/@npmcli/package-json/lib/index.js:132:31)
11 verbose stack     at async PackageJson.normalize (/data/data/com.termux/files/usr/lib/node_modules/npm/node_modules/@npmcli/package-json/lib/index.js:118:5)
11 verbose stack     at async #run (/data/data/com.termux/files/usr/lib/node_modules/npm/lib/commands/run.js:90:13)
11 verbose stack     at async RunScript.exec (/data/data/com.termux/files/usr/lib/node_modules/npm/lib/commands/run.js:44:7)
11 verbose stack     at async Npm.exec (/data/data/com.termux/files/usr/lib/node_modules/npm/lib/npm.js:208:9)
11 verbose stack     at async module.exports (/data/data/com.termux/files/usr/lib/node_modules/npm/lib/cli/entry.js:60:5)
12 error code ENOENT
13 error syscall open
14 error path /data/data/com.termux/files/home/package.json
15 error errno -2
16 error enoent Could not read package.json: Error: ENOENT: no such file or directory, open '/data/data/com.termux/files/home/package.json'
17 error enoent This is related to npm not being able to find a file.
17 error enoent
18 verbose cwd /data/data/com.termux/files/home
19 verbose os Linux 5.10.198-android12-9-00085-g226a9632f13d-ab11136126
20 verbose node v24.9.0
21 verbose npm  v11.6.0
22 verbose exit -2
23 verbose code -2
24 error A complete log of this run can be found in: /data/data/com.termux/files/home/.npm/_logs/2025-10-31T15_14_13_954Z-debug-0.log
