0 verbose cli /data/data/com.termux/files/usr/bin/node /data/data/com.termux/files/usr/bin/npm
1 info using npm@11.6.0
2 info using node@v24.9.0
3 silly config load:file:/data/data/com.termux/files/usr/lib/node_modules/npm/npmrc
4 silly config load:file:/data/data/com.termux/files/home/multivendor-frontend/.npmrc
5 silly config load:file:/data/data/com.termux/files/home/.npmrc
6 silly config load:file:/data/data/com.termux/files/usr/etc/npmrc
7 verbose title npm install react-router-dom axios @tanstack/react-query bootstrap
8 verbose argv "install" "react-router-dom" "axios" "@tanstack/react-query" "bootstrap"
9 verbose logfile logs-max:10 dir:/data/data/com.termux/files/home/.npm/_logs/2025-10-31T15_47_27_652Z-
10 verbose logfile /data/data/com.termux/files/home/.npm/_logs/2025-10-31T15_47_27_652Z-debug-0.log
11 silly logfile done cleaning log files
12 silly packumentCache heap:1174405120 maxSize:293601280 maxEntrySize:146800640
13 silly idealTree buildDeps
14 silly fetch manifest react-router-dom@*
15 silly packumentCache full:https://registry.npmjs.org/react-router-dom cache-miss
16 verbose shrinkwrap failed to load node_modules/.package-lock.json out of date, updated: node_modules
17 http fetch GET 200 https://registry.npmjs.org/react-router-dom 1457ms (cache miss)
18 silly packumentCache full:https://registry.npmjs.org/react-router-dom set size:undefined disposed:false
19 silly fetch manifest react@^19.1.1
20 silly packumentCache full:https://registry.npmjs.org/react cache-miss
21 http fetch GET 200 https://registry.npmjs.org/react 217ms (cache revalidated)
22 silly packumentCache full:https://registry.npmjs.org/react set size:6212761 disposed:false
23 silly fetch manifest react-dom@^19.1.1
24 silly packumentCache full:https://registry.npmjs.org/react-dom cache-miss
25 http fetch GET 200 https://registry.npmjs.org/react-dom 247ms (cache revalidated)
26 silly packumentCache full:https://registry.npmjs.org/react-dom set size:8118212 disposed:false
27 silly fetch manifest axios@*
28 silly packumentCache full:https://registry.npmjs.org/axios cache-miss
29 http fetch GET 200 https://registry.npmjs.org/axios 268ms (cache miss)
30 silly packumentCache full:https://registry.npmjs.org/axios set size:undefined disposed:false
31 silly fetch manifest @tanstack/react-query@*
32 silly packumentCache full:https://registry.npmjs.org/@tanstack%2freact-query cache-miss
33 http fetch GET 200 https://registry.npmjs.org/@tanstack%2freact-query 262ms (cache miss)
34 silly packumentCache full:https://registry.npmjs.org/@tanstack%2freact-query set size:undefined disposed:false
35 silly fetch manifest bootstrap@*
36 silly packumentCache full:https://registry.npmjs.org/bootstrap cache-miss
37 http fetch GET 200 https://registry.npmjs.org/bootstrap 221ms (cache miss)
38 silly packumentCache full:https://registry.npmjs.org/bootstrap set size:undefined disposed:false
39 silly fetch manifest @popperjs/core@^2.11.8
40 silly packumentCache full:https://registry.npmjs.org/@popperjs%2fcore cache-miss
41 http fetch GET 200 https://registry.npmjs.org/@popperjs%2fcore 209ms (cache miss)
42 silly packumentCache full:https://registry.npmjs.org/@popperjs%2fcore set size:undefined disposed:false
43 silly placeDep ROOT @tanstack/react-query@5.90.5 OK for: multivendor-frontend@0.0.0 want: *
44 silly placeDep ROOT axios@1.13.1 OK for: multivendor-frontend@0.0.0 want: *
45 silly placeDep ROOT bootstrap@5.3.8 OK for: multivendor-frontend@0.0.0 want: *
46 silly placeDep ROOT @popperjs/core@2.11.8 OK for: bootstrap@5.3.8 want: ^2.11.8
47 silly placeDep ROOT react-router-dom@7.9.5 OK for: multivendor-frontend@0.0.0 want: *
48 silly fetch manifest @tanstack/query-core@5.90.5
49 silly packumentCache full:https://registry.npmjs.org/@tanstack%2fquery-core cache-miss
50 silly fetch manifest follow-redirects@^1.15.6
51 silly packumentCache full:https://registry.npmjs.org/follow-redirects cache-miss
52 silly fetch manifest form-data@^4.0.4
53 silly packumentCache full:https://registry.npmjs.org/form-data cache-miss
54 silly fetch manifest proxy-from-env@^1.1.0
55 silly packumentCache full:https://registry.npmjs.org/proxy-from-env cache-miss
56 silly fetch manifest react-router@7.9.5
57 silly packumentCache full:https://registry.npmjs.org/react-router cache-miss
58 http fetch GET 200 https://registry.npmjs.org/@tanstack%2fquery-core 334ms (cache miss)
59 silly packumentCache full:https://registry.npmjs.org/@tanstack%2fquery-core set size:undefined disposed:false
60 http fetch GET 200 https://registry.npmjs.org/proxy-from-env 597ms (cache miss)
61 silly packumentCache full:https://registry.npmjs.org/proxy-from-env set size:undefined disposed:false
62 http fetch GET 200 https://registry.npmjs.org/form-data 755ms (cache miss)
63 silly packumentCache full:https://registry.npmjs.org/form-data set size:undefined disposed:false
64 http fetch GET 200 https://registry.npmjs.org/follow-redirects 875ms (cache miss)
65 silly packumentCache full:https://registry.npmjs.org/follow-redirects set size:undefined disposed:false
66 http fetch GET 200 https://registry.npmjs.org/react-router 1466ms (cache miss)
67 silly packumentCache full:https://registry.npmjs.org/react-router set size:undefined disposed:false
68 silly placeDep ROOT @tanstack/query-core@5.90.5 OK for: @tanstack/react-query@5.90.5 want: 5.90.5
69 silly placeDep ROOT follow-redirects@1.15.11 OK for: axios@1.13.1 want: ^1.15.6
70 silly placeDep ROOT form-data@4.0.4 OK for: axios@1.13.1 want: ^4.0.4
71 silly placeDep ROOT proxy-from-env@1.1.0 OK for: axios@1.13.1 want: ^1.1.0
72 silly fetch manifest hasown@^2.0.2
73 silly packumentCache full:https://registry.npmjs.org/hasown cache-miss
74 silly fetch manifest asynckit@^0.4.0
75 silly packumentCache full:https://registry.npmjs.org/asynckit cache-miss
76 silly fetch manifest mime-types@^2.1.12
77 silly packumentCache full:https://registry.npmjs.org/mime-types cache-miss
78 silly fetch manifest combined-stream@^1.0.8
79 silly packumentCache full:https://registry.npmjs.org/combined-stream cache-miss
80 silly fetch manifest es-set-tostringtag@^2.1.0
81 silly packumentCache full:https://registry.npmjs.org/es-set-tostringtag cache-miss
82 http fetch GET 200 https://registry.npmjs.org/hasown 154ms (cache miss)
83 silly packumentCache full:https://registry.npmjs.org/hasown set size:undefined disposed:false
84 http fetch GET 200 https://registry.npmjs.org/combined-stream 205ms (cache miss)
85 silly packumentCache full:https://registry.npmjs.org/combined-stream set size:undefined disposed:false
86 http fetch GET 200 https://registry.npmjs.org/mime-types 289ms (cache miss)
87 silly packumentCache full:https://registry.npmjs.org/mime-types set size:undefined disposed:false
88 http fetch GET 200 https://registry.npmjs.org/asynckit 589ms (cache miss)
89 silly packumentCache full:https://registry.npmjs.org/asynckit set size:undefined disposed:false
90 http fetch GET 200 https://registry.npmjs.org/es-set-tostringtag 662ms (cache miss)
91 silly packumentCache full:https://registry.npmjs.org/es-set-tostringtag set size:undefined disposed:false
92 silly placeDep ROOT asynckit@0.4.0 OK for: form-data@4.0.4 want: ^0.4.0
93 silly placeDep ROOT combined-stream@1.0.8 OK for: form-data@4.0.4 want: ^1.0.8
94 silly placeDep ROOT es-set-tostringtag@2.1.0 OK for: form-data@4.0.4 want: ^2.1.0
95 silly placeDep ROOT hasown@2.0.2 OK for: form-data@4.0.4 want: ^2.0.2
96 silly placeDep ROOT mime-types@2.1.35 OK for: form-data@4.0.4 want: ^2.1.12
97 silly fetch manifest delayed-stream@~1.0.0
98 silly packumentCache full:https://registry.npmjs.org/delayed-stream cache-miss
99 silly fetch manifest es-errors@^1.3.0
100 silly packumentCache full:https://registry.npmjs.org/es-errors cache-miss
101 silly fetch manifest get-intrinsic@^1.2.6
102 silly packumentCache full:https://registry.npmjs.org/get-intrinsic cache-miss
103 silly fetch manifest has-tostringtag@^1.0.2
104 silly packumentCache full:https://registry.npmjs.org/has-tostringtag cache-miss
105 silly fetch manifest function-bind@^1.1.2
106 silly packumentCache full:https://registry.npmjs.org/function-bind cache-miss
107 silly fetch manifest mime-db@1.52.0
108 silly packumentCache full:https://registry.npmjs.org/mime-db cache-miss
109 http fetch GET 200 https://registry.npmjs.org/function-bind 157ms (cache miss)
110 silly packumentCache full:https://registry.npmjs.org/function-bind set size:undefined disposed:false
111 http fetch GET 200 https://registry.npmjs.org/es-errors 171ms (cache miss)
112 silly packumentCache full:https://registry.npmjs.org/es-errors set size:undefined disposed:false
113 http fetch GET 200 https://registry.npmjs.org/get-intrinsic 256ms (cache miss)
114 silly packumentCache full:https://registry.npmjs.org/get-intrinsic set size:undefined disposed:false
115 http fetch GET 200 https://registry.npmjs.org/mime-db 326ms (cache miss)
116 silly packumentCache full:https://registry.npmjs.org/mime-db set size:undefined disposed:false
117 http fetch GET 200 https://registry.npmjs.org/delayed-stream 537ms (cache miss)
118 silly packumentCache full:https://registry.npmjs.org/delayed-stream set size:undefined disposed:false
119 http fetch GET 200 https://registry.npmjs.org/has-tostringtag 987ms (cache miss)
120 silly packumentCache full:https://registry.npmjs.org/has-tostringtag set size:undefined disposed:false
121 silly placeDep ROOT delayed-stream@1.0.0 OK for: combined-stream@1.0.8 want: ~1.0.0
122 silly placeDep ROOT es-errors@1.3.0 OK for: es-set-tostringtag@2.1.0 want: ^1.3.0
123 silly placeDep ROOT get-intrinsic@1.3.0 OK for: es-set-tostringtag@2.1.0 want: ^1.2.6
124 silly placeDep ROOT has-tostringtag@1.0.2 OK for: es-set-tostringtag@2.1.0 want: ^1.0.2
125 silly fetch manifest gopd@^1.2.0
126 silly packumentCache full:https://registry.npmjs.org/gopd cache-miss
127 silly fetch manifest get-proto@^1.0.1
128 silly packumentCache full:https://registry.npmjs.org/get-proto cache-miss
129 silly fetch manifest has-symbols@^1.1.0
130 silly packumentCache full:https://registry.npmjs.org/has-symbols cache-miss
131 silly fetch manifest es-object-atoms@^1.1.1
132 silly packumentCache full:https://registry.npmjs.org/es-object-atoms cache-miss
133 silly fetch manifest math-intrinsics@^1.1.0
134 silly packumentCache full:https://registry.npmjs.org/math-intrinsics cache-miss
135 silly fetch manifest es-define-property@^1.0.1
136 silly packumentCache full:https://registry.npmjs.org/es-define-property cache-miss
137 silly fetch manifest call-bind-apply-helpers@^1.0.2
138 silly packumentCache full:https://registry.npmjs.org/call-bind-apply-helpers cache-miss
139 http fetch GET 200 https://registry.npmjs.org/get-proto 129ms (cache miss)
140 silly packumentCache full:https://registry.npmjs.org/get-proto set size:undefined disposed:false
141 silly fetch manifest has-symbols@^1.0.3
142 silly packumentCache full:https://registry.npmjs.org/has-symbols cache-miss
143 http fetch GET 200 https://registry.npmjs.org/es-object-atoms 172ms (cache miss)
144 silly packumentCache full:https://registry.npmjs.org/es-object-atoms set size:undefined disposed:false
145 http fetch GET 200 https://registry.npmjs.org/math-intrinsics 178ms (cache miss)
146 silly packumentCache full:https://registry.npmjs.org/math-intrinsics set size:undefined disposed:false
147 http fetch GET 200 https://registry.npmjs.org/has-symbols 187ms (cache miss)
148 silly packumentCache full:https://registry.npmjs.org/has-symbols set size:undefined disposed:false
149 http fetch GET 200 https://registry.npmjs.org/gopd 201ms (cache miss)
150 silly packumentCache full:https://registry.npmjs.org/gopd set size:undefined disposed:false
151 http fetch GET 200 https://registry.npmjs.org/has-symbols 138ms (cache miss)
152 silly packumentCache full:https://registry.npmjs.org/has-symbols set size:undefined disposed:false
153 http fetch GET 200 https://registry.npmjs.org/es-define-property 293ms (cache miss)
154 silly packumentCache full:https://registry.npmjs.org/es-define-property set size:undefined disposed:false
155 http fetch GET 200 https://registry.npmjs.org/call-bind-apply-helpers 502ms (cache miss)
156 silly packumentCache full:https://registry.npmjs.org/call-bind-apply-helpers set size:undefined disposed:false
157 silly placeDep ROOT call-bind-apply-helpers@1.0.2 OK for: get-intrinsic@1.3.0 want: ^1.0.2
158 silly placeDep ROOT es-define-property@1.0.1 OK for: get-intrinsic@1.3.0 want: ^1.0.1
159 silly placeDep ROOT es-object-atoms@1.1.1 OK for: get-intrinsic@1.3.0 want: ^1.1.1
160 silly placeDep ROOT function-bind@1.1.2 OK for: get-intrinsic@1.3.0 want: ^1.1.2
161 silly placeDep ROOT get-proto@1.0.1 OK for: get-intrinsic@1.3.0 want: ^1.0.1
162 silly placeDep ROOT gopd@1.2.0 OK for: get-intrinsic@1.3.0 want: ^1.2.0
163 silly placeDep ROOT has-symbols@1.1.0 OK for: get-intrinsic@1.3.0 want: ^1.1.0
164 silly placeDep ROOT math-intrinsics@1.1.0 OK for: get-intrinsic@1.3.0 want: ^1.1.0
165 silly fetch manifest dunder-proto@^1.0.1
166 silly packumentCache full:https://registry.npmjs.org/dunder-proto cache-miss
167 http fetch GET 200 https://registry.npmjs.org/dunder-proto 139ms (cache miss)
168 silly packumentCache full:https://registry.npmjs.org/dunder-proto set size:undefined disposed:false
169 silly placeDep ROOT dunder-proto@1.0.1 OK for: get-proto@1.0.1 want: ^1.0.1
170 silly placeDep ROOT mime-db@1.52.0 OK for: mime-types@2.1.35 want: 1.52.0
171 silly fetch manifest react@>=18
172 silly packumentCache full:https://registry.npmjs.org/react cache-miss
173 http cache https://registry.npmjs.org/react 60ms (cache hit)
174 silly packumentCache full:https://registry.npmjs.org/react set size:6212761 disposed:false
175 silly fetch manifest react-dom@>=18
176 silly packumentCache full:https://registry.npmjs.org/react-dom cache-miss
177 http cache https://registry.npmjs.org/react-dom 56ms (cache hit)
178 silly packumentCache full:https://registry.npmjs.org/react-dom set size:8118212 disposed:false
179 silly placeDep ROOT react-router@7.9.5 OK for: react-router-dom@7.9.5 want: 7.9.5
180 silly fetch manifest cookie@^1.0.1
181 silly packumentCache full:https://registry.npmjs.org/cookie cache-miss
182 silly fetch manifest set-cookie-parser@^2.6.0
183 silly packumentCache full:https://registry.npmjs.org/set-cookie-parser cache-miss
184 http fetch GET 200 https://registry.npmjs.org/cookie 150ms (cache miss)
185 silly packumentCache full:https://registry.npmjs.org/cookie set size:undefined disposed:false
186 http fetch GET 200 https://registry.npmjs.org/set-cookie-parser 183ms (cache miss)
187 silly packumentCache full:https://registry.npmjs.org/set-cookie-parser set size:undefined disposed:false
188 silly placeDep ROOT cookie@1.0.2 OK for: react-router@7.9.5 want: ^1.0.1
189 silly placeDep ROOT set-cookie-parser@2.7.2 OK for: react-router@7.9.5 want: ^2.6.0
190 silly reify moves {}
191 silly audit bulk request {
191 silly audit   '@babel/code-frame': [ '7.27.1' ],
191 silly audit   '@babel/compat-data': [ '7.28.5' ],
191 silly audit   '@babel/core': [ '7.28.5' ],
191 silly audit   '@babel/generator': [ '7.28.5' ],
191 silly audit   '@babel/helper-compilation-targets': [ '7.27.2' ],
191 silly audit   '@babel/helper-globals': [ '7.28.0' ],
191 silly audit   '@babel/helper-module-imports': [ '7.27.1' ],
191 silly audit   '@babel/helper-module-transforms': [ '7.28.3' ],
191 silly audit   '@babel/helper-plugin-utils': [ '7.27.1' ],
191 silly audit   '@babel/helper-string-parser': [ '7.27.1' ],
191 silly audit   '@babel/helper-validator-identifier': [ '7.28.5' ],
191 silly audit   '@babel/helper-validator-option': [ '7.27.1' ],
191 silly audit   '@babel/helpers': [ '7.28.4' ],
191 silly audit   '@babel/parser': [ '7.28.5' ],
191 silly audit   '@babel/plugin-transform-react-jsx-self': [ '7.27.1' ],
191 silly audit   '@babel/plugin-transform-react-jsx-source': [ '7.27.1' ],
191 silly audit   '@babel/template': [ '7.27.2' ],
191 silly audit   '@babel/traverse': [ '7.28.5' ],
191 silly audit   '@babel/types': [ '7.28.5' ],
191 silly audit   '@esbuild/aix-ppc64': [ '0.25.11' ],
191 silly audit   '@esbuild/android-arm': [ '0.25.11' ],
191 silly audit   '@esbuild/android-arm64': [ '0.25.11' ],
191 silly audit   '@esbuild/android-x64': [ '0.25.11' ],
191 silly audit   '@esbuild/darwin-arm64': [ '0.25.11' ],
191 silly audit   '@esbuild/darwin-x64': [ '0.25.11' ],
191 silly audit   '@esbuild/freebsd-arm64': [ '0.25.11' ],
191 silly audit   '@esbuild/freebsd-x64': [ '0.25.11' ],
191 silly audit   '@esbuild/linux-arm': [ '0.25.11' ],
191 silly audit   '@esbuild/linux-arm64': [ '0.25.11' ],
191 silly audit   '@esbuild/linux-ia32': [ '0.25.11' ],
191 silly audit   '@esbuild/linux-loong64': [ '0.25.11' ],
191 silly audit   '@esbuild/linux-mips64el': [ '0.25.11' ],
191 silly audit   '@esbuild/linux-ppc64': [ '0.25.11' ],
191 silly audit   '@esbuild/linux-riscv64': [ '0.25.11' ],
191 silly audit   '@esbuild/linux-s390x': [ '0.25.11' ],
191 silly audit   '@esbuild/linux-x64': [ '0.25.11' ],
191 silly audit   '@esbuild/netbsd-arm64': [ '0.25.11' ],
191 silly audit   '@esbuild/netbsd-x64': [ '0.25.11' ],
191 silly audit   '@esbuild/openbsd-arm64': [ '0.25.11' ],
191 silly audit   '@esbuild/openbsd-x64': [ '0.25.11' ],
191 silly audit   '@esbuild/openharmony-arm64': [ '0.25.11' ],
191 silly audit   '@esbuild/sunos-x64': [ '0.25.11' ],
191 silly audit   '@esbuild/win32-arm64': [ '0.25.11' ],
191 silly audit   '@esbuild/win32-ia32': [ '0.25.11' ],
191 silly audit   '@esbuild/win32-x64': [ '0.25.11' ],
191 silly audit   '@eslint-community/eslint-utils': [ '4.9.0' ],
191 silly audit   'eslint-visitor-keys': [ '3.4.3', '4.2.1' ],
191 silly audit   '@eslint-community/regexpp': [ '4.12.2' ],
191 silly audit   '@eslint/config-array': [ '0.21.1' ],
191 silly audit   '@eslint/config-helpers': [ '0.4.2' ],
191 silly audit   '@eslint/core': [ '0.17.0', '0.16.0' ],
191 silly audit   '@eslint/eslintrc': [ '3.3.1' ],
191 silly audit   globals: [ '14.0.0', '16.4.0' ],
191 silly audit   '@eslint/js': [ '9.38.0' ],
191 silly audit   '@eslint/object-schema': [ '2.1.7' ],
191 silly audit   '@eslint/plugin-kit': [ '0.4.1' ],
191 silly audit   '@humanfs/core': [ '0.19.1' ],
191 silly audit   '@humanfs/node': [ '0.16.7' ],
191 silly audit   '@humanwhocodes/module-importer': [ '1.0.1' ],
191 silly audit   '@humanwhocodes/retry': [ '0.4.3' ],
191 silly audit   '@jridgewell/gen-mapping': [ '0.3.13' ],
191 silly audit   '@jridgewell/remapping': [ '2.3.5' ],
191 silly audit   '@jridgewell/resolve-uri': [ '3.1.2' ],
191 silly audit   '@jridgewell/sourcemap-codec': [ '1.5.5' ],
191 silly audit   '@jridgewell/trace-mapping': [ '0.3.31' ],
191 silly audit   '@rolldown/pluginutils': [ '1.0.0-beta.43' ],
191 silly audit   '@rollup/rollup-android-arm-eabi': [ '4.52.5' ],
191 silly audit   '@rollup/rollup-android-arm64': [ '4.52.5' ],
191 silly audit   '@rollup/rollup-darwin-arm64': [ '4.52.5' ],
191 silly audit   '@rollup/rollup-darwin-x64': [ '4.52.5' ],
191 silly audit   '@rollup/rollup-freebsd-arm64': [ '4.52.5' ],
191 silly audit   '@rollup/rollup-freebsd-x64': [ '4.52.5' ],
191 silly audit   '@rollup/rollup-linux-arm-gnueabihf': [ '4.52.5' ],
191 silly audit   '@rollup/rollup-linux-arm-musleabihf': [ '4.52.5' ],
191 silly audit   '@rollup/rollup-linux-arm64-gnu': [ '4.52.5' ],
191 silly audit   '@rollup/rollup-linux-arm64-musl': [ '4.52.5' ],
191 silly audit   '@rollup/rollup-linux-loong64-gnu': [ '4.52.5' ],
191 silly audit   '@rollup/rollup-linux-ppc64-gnu': [ '4.52.5' ],
191 silly audit   '@rollup/rollup-linux-riscv64-gnu': [ '4.52.5' ],
191 silly audit   '@rollup/rollup-linux-riscv64-musl': [ '4.52.5' ],
191 silly audit   '@rollup/rollup-linux-s390x-gnu': [ '4.52.5' ],
191 silly audit   '@rollup/rollup-linux-x64-gnu': [ '4.52.5' ],
191 silly audit   '@rollup/rollup-linux-x64-musl': [ '4.52.5' ],
191 silly audit   '@rollup/rollup-openharmony-arm64': [ '4.52.5' ],
191 silly audit   '@rollup/rollup-win32-arm64-msvc': [ '4.52.5' ],
191 silly audit   '@rollup/rollup-win32-ia32-msvc': [ '4.52.5' ],
191 silly audit   '@rollup/rollup-win32-x64-gnu': [ '4.52.5' ],
191 silly audit   '@rollup/rollup-win32-x64-msvc': [ '4.52.5' ],
191 silly audit   '@types/babel__core': [ '7.20.5' ],
191 silly audit   '@types/babel__generator': [ '7.27.0' ],
191 silly audit   '@types/babel__template': [ '7.4.4' ],
191 silly audit   '@types/babel__traverse': [ '7.28.0' ],
191 silly audit   '@types/estree': [ '1.0.8' ],
191 silly audit   '@types/json-schema': [ '7.0.15' ],
191 silly audit   '@types/react': [ '19.2.2' ],
191 silly audit   '@types/react-dom': [ '19.2.2' ],
191 silly audit   '@vitejs/plugin-react': [ '5.1.0' ],
191 silly audit   acorn: [ '8.15.0' ],
191 silly audit   'acorn-jsx': [ '5.3.2' ],
191 silly audit   ajv: [ '6.12.6' ],
191 silly audit   'ansi-styles': [ '4.3.0' ],
191 silly audit   argparse: [ '2.0.1' ],
191 silly audit   'balanced-match': [ '1.0.2' ],
191 silly audit   'baseline-browser-mapping': [ '2.8.22' ],
191 silly audit   'brace-expansion': [ '1.1.12' ],
191 silly audit   browserslist: [ '4.27.0' ],
191 silly audit   callsites: [ '3.1.0' ],
191 silly audit   'caniuse-lite': [ '1.0.30001752' ],
191 silly audit   chalk: [ '4.1.2' ],
191 silly audit   'color-convert': [ '2.0.1' ],
191 silly audit   'color-name': [ '1.1.4' ],
191 silly audit   'concat-map': [ '0.0.1' ],
191 silly audit   'convert-source-map': [ '2.0.0' ],
191 silly audit   'cross-spawn': [ '7.0.6' ],
191 silly audit   csstype: [ '3.1.3' ],
191 silly audit   debug: [ '4.4.3' ],
191 silly audit   'deep-is': [ '0.1.4' ],
191 silly audit   'electron-to-chromium': [ '1.5.244' ],
191 silly audit   esbuild: [ '0.25.11' ],
191 silly audit   escalade: [ '3.2.0' ],
191 silly audit   'escape-string-regexp': [ '4.0.0' ],
191 silly audit   eslint: [ '9.38.0' ],
191 silly audit   'eslint-plugin-react-hooks': [ '5.2.0' ],
191 silly audit   'eslint-plugin-react-refresh': [ '0.4.24' ],
191 silly audit   'eslint-scope': [ '8.4.0' ],
191 silly audit   espree: [ '10.4.0' ],
191 silly audit   esquery: [ '1.6.0' ],
191 silly audit   esrecurse: [ '4.3.0' ],
191 silly audit   estraverse: [ '5.3.0' ],
191 silly audit   esutils: [ '2.0.3' ],
191 silly audit   'fast-deep-equal': [ '3.1.3' ],
191 silly audit   'fast-json-stable-stringify': [ '2.1.0' ],
191 silly audit   'fast-levenshtein': [ '2.0.6' ],
191 silly audit   fdir: [ '6.5.0' ],
191 silly audit   'file-entry-cache': [ '8.0.0' ],
191 silly audit   'find-up': [ '5.0.0' ],
191 silly audit   'flat-cache': [ '4.0.1' ],
191 silly audit   flatted: [ '3.3.3' ],
191 silly audit   fsevents: [ '2.3.3' ],
191 silly audit   gensync: [ '1.0.0-beta.2' ],
191 silly audit   'glob-parent': [ '6.0.2' ],
191 silly audit   'has-flag': [ '4.0.0' ],
191 silly audit   ignore: [ '5.3.2' ],
191 silly audit   'import-fresh': [ '3.3.1' ],
191 silly audit   imurmurhash: [ '0.1.4' ],
191 silly audit   'is-extglob': [ '2.1.1' ],
191 silly audit   'is-glob': [ '4.0.3' ],
191 silly audit   isexe: [ '2.0.0' ],
191 silly audit   'js-tokens': [ '4.0.0' ],
191 silly audit   'js-yaml': [ '4.1.0' ],
191 silly audit   jsesc: [ '3.1.0' ],
191 silly audit   'json-buffer': [ '3.0.1' ],
191 silly audit   'json-schema-traverse': [ '0.4.1' ],
191 silly audit   'json-stable-stringify-without-jsonify': [ '1.0.1' ],
191 silly audit   json5: [ '2.2.3' ],
191 silly audit   keyv: [ '4.5.4' ],
191 silly audit   levn: [ '0.4.1' ],
191 silly audit   'locate-path': [ '6.0.0' ],
191 silly audit   'lodash.merge': [ '4.6.2' ],
191 silly audit   'lru-cache': [ '5.1.1' ],
191 silly audit   minimatch: [ '3.1.2' ],
191 silly audit   ms: [ '2.1.3' ],
191 silly audit   nanoid: [ '3.3.11' ],
191 silly audit   'natural-compare': [ '1.4.0' ],
191 silly audit   'node-releases': [ '2.0.27' ],
191 silly audit   optionator: [ '0.9.4' ],
191 silly audit   'p-limit': [ '3.1.0' ],
191 silly audit   'p-locate': [ '5.0.0' ],
191 silly audit   'parent-module': [ '1.0.1' ],
191 silly audit   'path-exists': [ '4.0.0' ],
191 silly audit   'path-key': [ '3.1.1' ],
191 silly audit   picocolors: [ '1.1.1' ],
191 silly audit   picomatch: [ '4.0.3' ],
191 silly audit   postcss: [ '8.5.6' ],
191 silly audit   'prelude-ls': [ '1.2.1' ],
191 silly audit   punycode: [ '2.3.1' ],
191 silly audit   react: [ '19.2.0' ],
191 silly audit   'react-dom': [ '19.2.0' ],
191 silly audit   'react-refresh': [ '0.18.0' ],
191 silly audit   'resolve-from': [ '4.0.0' ],
191 silly audit   rollup: [ '4.52.5' ],
191 silly audit   scheduler: [ '0.27.0' ],
191 silly audit   semver: [ '6.3.1' ],
191 silly audit   'shebang-command': [ '2.0.0' ],
191 silly audit   'shebang-regex': [ '3.0.0' ],
191 silly audit   'source-map-js': [ '1.2.1' ],
191 silly audit   'strip-json-comments': [ '3.1.1' ],
191 silly audit   'supports-color': [ '7.2.0' ],
191 silly audit   tinyglobby: [ '0.2.15' ],
191 silly audit   'type-check': [ '0.4.0' ],
191 silly audit   'update-browserslist-db': [ '1.1.4' ],
191 silly audit   'uri-js': [ '4.4.1' ],
191 silly audit   vite: [ '7.1.12' ],
191 silly audit   which: [ '2.0.2' ],
191 silly audit   'word-wrap': [ '1.2.5' ],
191 silly audit   yallist: [ '3.1.1' ],
191 silly audit   'yocto-queue': [ '0.1.0' ],
191 silly audit   '@tanstack/react-query': [ '5.90.5' ],
191 silly audit   axios: [ '1.13.1' ],
191 silly audit   bootstrap: [ '5.3.8' ],
191 silly audit   '@popperjs/core': [ '2.11.8' ],
191 silly audit   'react-router-dom': [ '7.9.5' ],
191 silly audit   '@tanstack/query-core': [ '5.90.5' ],
191 silly audit   'follow-redirects': [ '1.15.11' ],
191 silly audit   'form-data': [ '4.0.4' ],
191 silly audit   'proxy-from-env': [ '1.1.0' ],
191 silly audit   asynckit: [ '0.4.0' ],
191 silly audit   'combined-stream': [ '1.0.8' ],
191 silly audit   'es-set-tostringtag': [ '2.1.0' ],
191 silly audit   hasown: [ '2.0.2' ],
191 silly audit   'mime-types': [ '2.1.35' ],
191 silly audit   'delayed-stream': [ '1.0.0' ],
191 silly audit   'es-errors': [ '1.3.0' ],
191 silly audit   'get-intrinsic': [ '1.3.0' ],
191 silly audit   'has-tostringtag': [ '1.0.2' ],
191 silly audit   'call-bind-apply-helpers': [ '1.0.2' ],
191 silly audit   'es-define-property': [ '1.0.1' ],
191 silly audit   'es-object-atoms': [ '1.1.1' ],
191 silly audit   'function-bind': [ '1.1.2' ],
191 silly audit   'get-proto': [ '1.0.1' ],
191 silly audit   gopd: [ '1.2.0' ],
191 silly audit   'has-symbols': [ '1.1.0' ],
191 silly audit   'math-intrinsics': [ '1.1.0' ],
191 silly audit   'dunder-proto': [ '1.0.1' ],
191 silly audit   'mime-db': [ '1.52.0' ],
191 silly audit   'react-router': [ '7.9.5' ],
191 silly audit   cookie: [ '1.0.2' ],
191 silly audit   'set-cookie-parser': [ '2.7.2' ]
191 silly audit }
192 verbose reify failed optional dependency /data/data/com.termux/files/home/multivendor-frontend/node_modules/fsevents
193 silly reify mark deleted [
193 silly reify   '/data/data/com.termux/files/home/multivendor-frontend/node_modules/fsevents'
193 silly reify ]
194 verbose reify failed optional dependency /data/data/com.termux/files/home/multivendor-frontend/node_modules/@rollup/rollup-win32-x64-msvc
195 silly reify mark deleted [
195 silly reify   '/data/data/com.termux/files/home/multivendor-frontend/node_modules/@rollup/rollup-win32-x64-msvc'
195 silly reify ]
196 verbose reify failed optional dependency /data/data/com.termux/files/home/multivendor-frontend/node_modules/@rollup/rollup-win32-x64-gnu
197 silly reify mark deleted [
197 silly reify   '/data/data/com.termux/files/home/multivendor-frontend/node_modules/@rollup/rollup-win32-x64-gnu'
197 silly reify ]
198 verbose reify failed optional dependency /data/data/com.termux/files/home/multivendor-frontend/node_modules/@rollup/rollup-win32-ia32-msvc
199 silly reify mark deleted [
199 silly reify   '/data/data/com.termux/files/home/multivendor-frontend/node_modules/@rollup/rollup-win32-ia32-msvc'
199 silly reify ]
200 verbose reify failed optional dependency /data/data/com.termux/files/home/multivendor-frontend/node_modules/@rollup/rollup-win32-arm64-msvc
201 silly reify mark deleted [
201 silly reify   '/data/data/com.termux/files/home/multivendor-frontend/node_modules/@rollup/rollup-win32-arm64-msvc'
201 silly reify ]
202 verbose reify failed optional dependency /data/data/com.termux/files/home/multivendor-frontend/node_modules/@rollup/rollup-openharmony-arm64
203 silly reify mark deleted [
203 silly reify   '/data/data/com.termux/files/home/multivendor-frontend/node_modules/@rollup/rollup-openharmony-arm64'
203 silly reify ]
204 verbose reify failed optional dependency /data/data/com.termux/files/home/multivendor-frontend/node_modules/@rollup/rollup-linux-x64-musl
205 silly reify mark deleted [
205 silly reify   '/data/data/com.termux/files/home/multivendor-frontend/node_modules/@rollup/rollup-linux-x64-musl'
205 silly reify ]
206 verbose reify failed optional dependency /data/data/com.termux/files/home/multivendor-frontend/node_modules/@rollup/rollup-linux-x64-gnu
207 silly reify mark deleted [
207 silly reify   '/data/data/com.termux/files/home/multivendor-frontend/node_modules/@rollup/rollup-linux-x64-gnu'
207 silly reify ]
208 verbose reify failed optional dependency /data/data/com.termux/files/home/multivendor-frontend/node_modules/@rollup/rollup-linux-s390x-gnu
209 silly reify mark deleted [
209 silly reify   '/data/data/com.termux/files/home/multivendor-frontend/node_modules/@rollup/rollup-linux-s390x-gnu'
209 silly reify ]
210 verbose reify failed optional dependency /data/data/com.termux/files/home/multivendor-frontend/node_modules/@rollup/rollup-linux-riscv64-musl
211 silly reify mark deleted [
211 silly reify   '/data/data/com.termux/files/home/multivendor-frontend/node_modules/@rollup/rollup-linux-riscv64-musl'
211 silly reify ]
212 verbose reify failed optional dependency /data/data/com.termux/files/home/multivendor-frontend/node_modules/@rollup/rollup-linux-riscv64-gnu
213 silly reify mark deleted [
213 silly reify   '/data/data/com.termux/files/home/multivendor-frontend/node_modules/@rollup/rollup-linux-riscv64-gnu'
213 silly reify ]
214 verbose reify failed optional dependency /data/data/com.termux/files/home/multivendor-frontend/node_modules/@rollup/rollup-linux-ppc64-gnu
215 silly reify mark deleted [
215 silly reify   '/data/data/com.termux/files/home/multivendor-frontend/node_modules/@rollup/rollup-linux-ppc64-gnu'
215 silly reify ]
216 verbose reify failed optional dependency /data/data/com.termux/files/home/multivendor-frontend/node_modules/@rollup/rollup-linux-loong64-gnu
217 silly reify mark deleted [
217 silly reify   '/data/data/com.termux/files/home/multivendor-frontend/node_modules/@rollup/rollup-linux-loong64-gnu'
217 silly reify ]
218 verbose reify failed optional dependency /data/data/com.termux/files/home/multivendor-frontend/node_modules/@rollup/rollup-linux-arm64-musl
219 silly reify mark deleted [
219 silly reify   '/data/data/com.termux/files/home/multivendor-frontend/node_modules/@rollup/rollup-linux-arm64-musl'
219 silly reify ]
220 verbose reify failed optional dependency /data/data/com.termux/files/home/multivendor-frontend/node_modules/@rollup/rollup-linux-arm64-gnu
221 silly reify mark deleted [
221 silly reify   '/data/data/com.termux/files/home/multivendor-frontend/node_modules/@rollup/rollup-linux-arm64-gnu'
221 silly reify ]
222 verbose reify failed optional dependency /data/data/com.termux/files/home/multivendor-frontend/node_modules/@rollup/rollup-linux-arm-musleabihf
223 silly reify mark deleted [
223 silly reify   '/data/data/com.termux/files/home/multivendor-frontend/node_modules/@rollup/rollup-linux-arm-musleabihf'
223 silly reify ]
224 verbose reify failed optional dependency /data/data/com.termux/files/home/multivendor-frontend/node_modules/@rollup/rollup-linux-arm-gnueabihf
225 silly reify mark deleted [
225 silly reify   '/data/data/com.termux/files/home/multivendor-frontend/node_modules/@rollup/rollup-linux-arm-gnueabihf'
225 silly reify ]
226 verbose reify failed optional dependency /data/data/com.termux/files/home/multivendor-frontend/node_modules/@rollup/rollup-freebsd-x64
227 silly reify mark deleted [
227 silly reify   '/data/data/com.termux/files/home/multivendor-frontend/node_modules/@rollup/rollup-freebsd-x64'
227 silly reify ]
228 verbose reify failed optional dependency /data/data/com.termux/files/home/multivendor-frontend/node_modules/@rollup/rollup-freebsd-arm64
229 silly reify mark deleted [
229 silly reify   '/data/data/com.termux/files/home/multivendor-frontend/node_modules/@rollup/rollup-freebsd-arm64'
229 silly reify ]
230 verbose reify failed optional dependency /data/data/com.termux/files/home/multivendor-frontend/node_modules/@rollup/rollup-darwin-x64
231 silly reify mark deleted [
231 silly reify   '/data/data/com.termux/files/home/multivendor-frontend/node_modules/@rollup/rollup-darwin-x64'
231 silly reify ]
232 verbose reify failed optional dependency /data/data/com.termux/files/home/multivendor-frontend/node_modules/@rollup/rollup-darwin-arm64
233 silly reify mark deleted [
233 silly reify   '/data/data/com.termux/files/home/multivendor-frontend/node_modules/@rollup/rollup-darwin-arm64'
233 silly reify ]
234 verbose reify failed optional dependency /data/data/com.termux/files/home/multivendor-frontend/node_modules/@rollup/rollup-android-arm-eabi
235 silly reify mark deleted [
235 silly reify   '/data/data/com.termux/files/home/multivendor-frontend/node_modules/@rollup/rollup-android-arm-eabi'
235 silly reify ]
236 verbose reify failed optional dependency /data/data/com.termux/files/home/multivendor-frontend/node_modules/@esbuild/win32-x64
237 silly reify mark deleted [
237 silly reify   '/data/data/com.termux/files/home/multivendor-frontend/node_modules/@esbuild/win32-x64'
237 silly reify ]
238 verbose reify failed optional dependency /data/data/com.termux/files/home/multivendor-frontend/node_modules/@esbuild/win32-ia32
239 silly reify mark deleted [
239 silly reify   '/data/data/com.termux/files/home/multivendor-frontend/node_modules/@esbuild/win32-ia32'
239 silly reify ]
240 verbose reify failed optional dependency /data/data/com.termux/files/home/multivendor-frontend/node_modules/@esbuild/win32-arm64
241 silly reify mark deleted [
241 silly reify   '/data/data/com.termux/files/home/multivendor-frontend/node_modules/@esbuild/win32-arm64'
241 silly reify ]
242 verbose reify failed optional dependency /data/data/com.termux/files/home/multivendor-frontend/node_modules/@esbuild/sunos-x64
243 silly reify mark deleted [
243 silly reify   '/data/data/com.termux/files/home/multivendor-frontend/node_modules/@esbuild/sunos-x64'
243 silly reify ]
244 verbose reify failed optional dependency /data/data/com.termux/files/home/multivendor-frontend/node_modules/@esbuild/openharmony-arm64
245 silly reify mark deleted [
245 silly reify   '/data/data/com.termux/files/home/multivendor-frontend/node_modules/@esbuild/openharmony-arm64'
245 silly reify ]
246 verbose reify failed optional dependency /data/data/com.termux/files/home/multivendor-frontend/node_modules/@esbuild/openbsd-x64
247 silly reify mark deleted [
247 silly reify   '/data/data/com.termux/files/home/multivendor-frontend/node_modules/@esbuild/openbsd-x64'
247 silly reify ]
248 verbose reify failed optional dependency /data/data/com.termux/files/home/multivendor-frontend/node_modules/@esbuild/openbsd-arm64
249 silly reify mark deleted [
249 silly reify   '/data/data/com.termux/files/home/multivendor-frontend/node_modules/@esbuild/openbsd-arm64'
249 silly reify ]
250 verbose reify failed optional dependency /data/data/com.termux/files/home/multivendor-frontend/node_modules/@esbuild/netbsd-x64
251 silly reify mark deleted [
251 silly reify   '/data/data/com.termux/files/home/multivendor-frontend/node_modules/@esbuild/netbsd-x64'
251 silly reify ]
252 verbose reify failed optional dependency /data/data/com.termux/files/home/multivendor-frontend/node_modules/@esbuild/netbsd-arm64
253 silly reify mark deleted [
253 silly reify   '/data/data/com.termux/files/home/multivendor-frontend/node_modules/@esbuild/netbsd-arm64'
253 silly reify ]
254 verbose reify failed optional dependency /data/data/com.termux/files/home/multivendor-frontend/node_modules/@esbuild/linux-x64
255 silly reify mark deleted [
255 silly reify   '/data/data/com.termux/files/home/multivendor-frontend/node_modules/@esbuild/linux-x64'
255 silly reify ]
256 verbose reify failed optional dependency /data/data/com.termux/files/home/multivendor-frontend/node_modules/@esbuild/linux-s390x
257 silly reify mark deleted [
257 silly reify   '/data/data/com.termux/files/home/multivendor-frontend/node_modules/@esbuild/linux-s390x'
257 silly reify ]
258 verbose reify failed optional dependency /data/data/com.termux/files/home/multivendor-frontend/node_modules/@esbuild/linux-riscv64
259 silly reify mark deleted [
259 silly reify   '/data/data/com.termux/files/home/multivendor-frontend/node_modules/@esbuild/linux-riscv64'
259 silly reify ]
260 verbose reify failed optional dependency /data/data/com.termux/files/home/multivendor-frontend/node_modules/@esbuild/linux-ppc64
261 silly reify mark deleted [
261 silly reify   '/data/data/com.termux/files/home/multivendor-frontend/node_modules/@esbuild/linux-ppc64'
261 silly reify ]
262 verbose reify failed optional dependency /data/data/com.termux/files/home/multivendor-frontend/node_modules/@esbuild/linux-mips64el
263 silly reify mark deleted [
263 silly reify   '/data/data/com.termux/files/home/multivendor-frontend/node_modules/@esbuild/linux-mips64el'
263 silly reify ]
264 verbose reify failed optional dependency /data/data/com.termux/files/home/multivendor-frontend/node_modules/@esbuild/linux-loong64
265 silly reify mark deleted [
265 silly reify   '/data/data/com.termux/files/home/multivendor-frontend/node_modules/@esbuild/linux-loong64'
265 silly reify ]
266 verbose reify failed optional dependency /data/data/com.termux/files/home/multivendor-frontend/node_modules/@esbuild/linux-ia32
267 silly reify mark deleted [
267 silly reify   '/data/data/com.termux/files/home/multivendor-frontend/node_modules/@esbuild/linux-ia32'
267 silly reify ]
268 verbose reify failed optional dependency /data/data/com.termux/files/home/multivendor-frontend/node_modules/@esbuild/linux-arm64
269 silly reify mark deleted [
269 silly reify   '/data/data/com.termux/files/home/multivendor-frontend/node_modules/@esbuild/linux-arm64'
269 silly reify ]
270 verbose reify failed optional dependency /data/data/com.termux/files/home/multivendor-frontend/node_modules/@esbuild/linux-arm
271 silly reify mark deleted [
271 silly reify   '/data/data/com.termux/files/home/multivendor-frontend/node_modules/@esbuild/linux-arm'
271 silly reify ]
272 verbose reify failed optional dependency /data/data/com.termux/files/home/multivendor-frontend/node_modules/@esbuild/freebsd-x64
273 silly reify mark deleted [
273 silly reify   '/data/data/com.termux/files/home/multivendor-frontend/node_modules/@esbuild/freebsd-x64'
273 silly reify ]
274 verbose reify failed optional dependency /data/data/com.termux/files/home/multivendor-frontend/node_modules/@esbuild/freebsd-arm64
275 silly reify mark deleted [
275 silly reify   '/data/data/com.termux/files/home/multivendor-frontend/node_modules/@esbuild/freebsd-arm64'
275 silly reify ]
276 verbose reify failed optional dependency /data/data/com.termux/files/home/multivendor-frontend/node_modules/@esbuild/darwin-x64
277 silly reify mark deleted [
277 silly reify   '/data/data/com.termux/files/home/multivendor-frontend/node_modules/@esbuild/darwin-x64'
277 silly reify ]
278 verbose reify failed optional dependency /data/data/com.termux/files/home/multivendor-frontend/node_modules/@esbuild/darwin-arm64
279 silly reify mark deleted [
279 silly reify   '/data/data/com.termux/files/home/multivendor-frontend/node_modules/@esbuild/darwin-arm64'
279 silly reify ]
280 verbose reify failed optional dependency /data/data/com.termux/files/home/multivendor-frontend/node_modules/@esbuild/android-x64
281 silly reify mark deleted [
281 silly reify   '/data/data/com.termux/files/home/multivendor-frontend/node_modules/@esbuild/android-x64'
281 silly reify ]
282 verbose reify failed optional dependency /data/data/com.termux/files/home/multivendor-frontend/node_modules/@esbuild/android-arm
283 silly reify mark deleted [
283 silly reify   '/data/data/com.termux/files/home/multivendor-frontend/node_modules/@esbuild/android-arm'
283 silly reify ]
284 verbose reify failed optional dependency /data/data/com.termux/files/home/multivendor-frontend/node_modules/@esbuild/aix-ppc64
285 silly reify mark deleted [
285 silly reify   '/data/data/com.termux/files/home/multivendor-frontend/node_modules/@esbuild/aix-ppc64'
285 silly reify ]
286 http cache cookie@https://registry.npmjs.org/cookie/-/cookie-1.0.2.tgz 1ms (cache hit)
287 http cache set-cookie-parser@https://registry.npmjs.org/set-cookie-parser/-/set-cookie-parser-2.7.2.tgz 0ms (cache hit)
288 http cache mime-db@https://registry.npmjs.org/mime-db/-/mime-db-1.52.0.tgz 0ms (cache hit)
289 http cache dunder-proto@https://registry.npmjs.org/dunder-proto/-/dunder-proto-1.0.1.tgz 0ms (cache hit)
290 http cache react-router@https://registry.npmjs.org/react-router/-/react-router-7.9.5.tgz 0ms (cache hit)
291 http cache math-intrinsics@https://registry.npmjs.org/math-intrinsics/-/math-intrinsics-1.1.0.tgz 0ms (cache hit)
292 http cache has-symbols@https://registry.npmjs.org/has-symbols/-/has-symbols-1.1.0.tgz 0ms (cache hit)
293 http cache gopd@https://registry.npmjs.org/gopd/-/gopd-1.2.0.tgz 1ms (cache hit)
294 http cache get-proto@https://registry.npmjs.org/get-proto/-/get-proto-1.0.1.tgz 0ms (cache hit)
295 http cache function-bind@https://registry.npmjs.org/function-bind/-/function-bind-1.1.2.tgz 0ms (cache hit)
296 http cache es-object-atoms@https://registry.npmjs.org/es-object-atoms/-/es-object-atoms-1.1.1.tgz 0ms (cache hit)
297 http cache es-define-property@https://registry.npmjs.org/es-define-property/-/es-define-property-1.0.1.tgz 0ms (cache hit)
298 http cache call-bind-apply-helpers@https://registry.npmjs.org/call-bind-apply-helpers/-/call-bind-apply-helpers-1.0.2.tgz 0ms (cache hit)
299 http cache has-tostringtag@https://registry.npmjs.org/has-tostringtag/-/has-tostringtag-1.0.2.tgz 0ms (cache hit)
300 http cache get-intrinsic@https://registry.npmjs.org/get-intrinsic/-/get-intrinsic-1.3.0.tgz 0ms (cache hit)
301 http cache es-errors@https://registry.npmjs.org/es-errors/-/es-errors-1.3.0.tgz 0ms (cache hit)
302 http cache delayed-stream@https://registry.npmjs.org/delayed-stream/-/delayed-stream-1.0.0.tgz 0ms (cache hit)
303 http cache mime-types@https://registry.npmjs.org/mime-types/-/mime-types-2.1.35.tgz 1ms (cache hit)
304 http cache hasown@https://registry.npmjs.org/hasown/-/hasown-2.0.2.tgz 0ms (cache hit)
305 http cache es-set-tostringtag@https://registry.npmjs.org/es-set-tostringtag/-/es-set-tostringtag-2.1.0.tgz 0ms (cache hit)
306 http cache combined-stream@https://registry.npmjs.org/combined-stream/-/combined-stream-1.0.8.tgz 0ms (cache hit)
307 http cache asynckit@https://registry.npmjs.org/asynckit/-/asynckit-0.4.0.tgz 0ms (cache hit)
308 http cache proxy-from-env@https://registry.npmjs.org/proxy-from-env/-/proxy-from-env-1.1.0.tgz 0ms (cache hit)
309 http cache form-data@https://registry.npmjs.org/form-data/-/form-data-4.0.4.tgz 0ms (cache hit)
310 http cache follow-redirects@https://registry.npmjs.org/follow-redirects/-/follow-redirects-1.15.11.tgz 0ms (cache hit)
311 http cache @tanstack/query-core@https://registry.npmjs.org/@tanstack/query-core/-/query-core-5.90.5.tgz 0ms (cache hit)
312 http cache react-router-dom@https://registry.npmjs.org/react-router-dom/-/react-router-dom-7.9.5.tgz 0ms (cache hit)
313 http cache bootstrap@https://registry.npmjs.org/bootstrap/-/bootstrap-5.3.8.tgz 0ms (cache hit)
314 http cache axios@https://registry.npmjs.org/axios/-/axios-1.13.1.tgz 0ms (cache hit)
315 http cache @tanstack/react-query@https://registry.npmjs.org/@tanstack/react-query/-/react-query-5.90.5.tgz 0ms (cache hit)
316 http cache @popperjs/core@https://registry.npmjs.org/@popperjs/core/-/core-2.11.8.tgz 0ms (cache hit)
317 silly tarball no local data for cookie@https://registry.npmjs.org/cookie/-/cookie-1.0.2.tgz. Extracting by manifest.
318 silly tarball no local data for set-cookie-parser@https://registry.npmjs.org/set-cookie-parser/-/set-cookie-parser-2.7.2.tgz. Extracting by manifest.
319 silly tarball no local data for mime-db@https://registry.npmjs.org/mime-db/-/mime-db-1.52.0.tgz. Extracting by manifest.
320 silly tarball no local data for dunder-proto@https://registry.npmjs.org/dunder-proto/-/dunder-proto-1.0.1.tgz. Extracting by manifest.
321 silly tarball no local data for react-router@https://registry.npmjs.org/react-router/-/react-router-7.9.5.tgz. Extracting by manifest.
322 silly tarball no local data for math-intrinsics@https://registry.npmjs.org/math-intrinsics/-/math-intrinsics-1.1.0.tgz. Extracting by manifest.
323 silly tarball no local data for has-symbols@https://registry.npmjs.org/has-symbols/-/has-symbols-1.1.0.tgz. Extracting by manifest.
324 silly tarball no local data for gopd@https://registry.npmjs.org/gopd/-/gopd-1.2.0.tgz. Extracting by manifest.
325 silly tarball no local data for get-proto@https://registry.npmjs.org/get-proto/-/get-proto-1.0.1.tgz. Extracting by manifest.
326 silly tarball no local data for function-bind@https://registry.npmjs.org/function-bind/-/function-bind-1.1.2.tgz. Extracting by manifest.
327 silly tarball no local data for es-object-atoms@https://registry.npmjs.org/es-object-atoms/-/es-object-atoms-1.1.1.tgz. Extracting by manifest.
328 silly tarball no local data for es-define-property@https://registry.npmjs.org/es-define-property/-/es-define-property-1.0.1.tgz. Extracting by manifest.
329 silly tarball no local data for call-bind-apply-helpers@https://registry.npmjs.org/call-bind-apply-helpers/-/call-bind-apply-helpers-1.0.2.tgz. Extracting by manifest.
330 silly tarball no local data for has-tostringtag@https://registry.npmjs.org/has-tostringtag/-/has-tostringtag-1.0.2.tgz. Extracting by manifest.
331 silly tarball no local data for get-intrinsic@https://registry.npmjs.org/get-intrinsic/-/get-intrinsic-1.3.0.tgz. Extracting by manifest.
332 silly tarball no local data for es-errors@https://registry.npmjs.org/es-errors/-/es-errors-1.3.0.tgz. Extracting by manifest.
333 silly tarball no local data for mime-types@https://registry.npmjs.org/mime-types/-/mime-types-2.1.35.tgz. Extracting by manifest.
334 silly tarball no local data for delayed-stream@https://registry.npmjs.org/delayed-stream/-/delayed-stream-1.0.0.tgz. Extracting by manifest.
335 silly tarball no local data for hasown@https://registry.npmjs.org/hasown/-/hasown-2.0.2.tgz. Extracting by manifest.
336 silly tarball no local data for es-set-tostringtag@https://registry.npmjs.org/es-set-tostringtag/-/es-set-tostringtag-2.1.0.tgz. Extracting by manifest.
337 silly tarball no local data for combined-stream@https://registry.npmjs.org/combined-stream/-/combined-stream-1.0.8.tgz. Extracting by manifest.
338 silly tarball no local data for asynckit@https://registry.npmjs.org/asynckit/-/asynckit-0.4.0.tgz. Extracting by manifest.
339 silly tarball no local data for proxy-from-env@https://registry.npmjs.org/proxy-from-env/-/proxy-from-env-1.1.0.tgz. Extracting by manifest.
340 silly tarball no local data for form-data@https://registry.npmjs.org/form-data/-/form-data-4.0.4.tgz. Extracting by manifest.
341 silly tarball no local data for follow-redirects@https://registry.npmjs.org/follow-redirects/-/follow-redirects-1.15.11.tgz. Extracting by manifest.
342 silly tarball no local data for @tanstack/query-core@https://registry.npmjs.org/@tanstack/query-core/-/query-core-5.90.5.tgz. Extracting by manifest.
343 silly tarball no local data for react-router-dom@https://registry.npmjs.org/react-router-dom/-/react-router-dom-7.9.5.tgz. Extracting by manifest.
344 silly tarball no local data for bootstrap@https://registry.npmjs.org/bootstrap/-/bootstrap-5.3.8.tgz. Extracting by manifest.
345 silly tarball no local data for @tanstack/react-query@https://registry.npmjs.org/@tanstack/react-query/-/react-query-5.90.5.tgz. Extracting by manifest.
346 silly tarball no local data for axios@https://registry.npmjs.org/axios/-/axios-1.13.1.tgz. Extracting by manifest.
347 silly tarball no local data for @popperjs/core@https://registry.npmjs.org/@popperjs/core/-/core-2.11.8.tgz. Extracting by manifest.
348 http fetch GET 200 https://registry.npmjs.org/set-cookie-parser/-/set-cookie-parser-2.7.2.tgz 236ms (cache miss)
349 http fetch GET 200 https://registry.npmjs.org/cookie/-/cookie-1.0.2.tgz 897ms (cache miss)
350 http fetch POST 200 https://registry.npmjs.org/-/npm/v1/security/advisories/bulk 1046ms
351 silly audit report {}
352 http fetch GET 200 https://registry.npmjs.org/dunder-proto/-/dunder-proto-1.0.1.tgz 1241ms (cache miss)
353 http fetch GET 200 https://registry.npmjs.org/mime-db/-/mime-db-1.52.0.tgz 1348ms (cache miss)
354 http fetch GET 200 https://registry.npmjs.org/delayed-stream/-/delayed-stream-1.0.0.tgz 1429ms (cache miss)
355 http fetch GET 200 https://registry.npmjs.org/get-intrinsic/-/get-intrinsic-1.3.0.tgz 1483ms (cache miss)
356 http fetch GET 200 https://registry.npmjs.org/es-set-tostringtag/-/es-set-tostringtag-2.1.0.tgz 1549ms (cache miss)
357 http fetch GET 200 https://registry.npmjs.org/combined-stream/-/combined-stream-1.0.8.tgz 1564ms (cache miss)
358 http fetch GET 200 https://registry.npmjs.org/mime-types/-/mime-types-2.1.35.tgz 1572ms (cache miss)
359 http fetch GET 200 https://registry.npmjs.org/asynckit/-/asynckit-0.4.0.tgz 1645ms (cache miss)
360 http fetch GET 200 https://registry.npmjs.org/react-router/-/react-router-7.9.5.tgz 1673ms (cache miss)
361 http fetch GET 200 https://registry.npmjs.org/proxy-from-env/-/proxy-from-env-1.1.0.tgz 1787ms (cache miss)
362 http fetch GET 200 https://registry.npmjs.org/form-data/-/form-data-4.0.4.tgz 1791ms (cache miss)
363 http fetch GET 200 https://registry.npmjs.org/react-router-dom/-/react-router-dom-7.9.5.tgz 1935ms (cache miss)
364 http fetch GET 200 https://registry.npmjs.org/gopd/-/gopd-1.2.0.tgz 1975ms (cache miss)
365 http fetch GET 200 https://registry.npmjs.org/get-proto/-/get-proto-1.0.1.tgz 1979ms (cache miss)
366 http fetch GET 200 https://registry.npmjs.org/function-bind/-/function-bind-1.1.2.tgz 1983ms (cache miss)
367 http fetch GET 200 https://registry.npmjs.org/es-object-atoms/-/es-object-atoms-1.1.1.tgz 1988ms (cache miss)
368 http fetch GET 200 https://registry.npmjs.org/has-symbols/-/has-symbols-1.1.0.tgz 1997ms (cache miss)
369 http fetch GET 200 https://registry.npmjs.org/has-tostringtag/-/has-tostringtag-1.0.2.tgz 2108ms (cache miss)
370 http fetch GET 200 https://registry.npmjs.org/es-define-property/-/es-define-property-1.0.1.tgz 2349ms (cache miss)
371 http fetch GET 200 https://registry.npmjs.org/call-bind-apply-helpers/-/call-bind-apply-helpers-1.0.2.tgz 2371ms (cache miss)
372 http fetch GET 200 https://registry.npmjs.org/hasown/-/hasown-2.0.2.tgz 2838ms (cache miss)
373 http fetch GET 200 https://registry.npmjs.org/math-intrinsics/-/math-intrinsics-1.1.0.tgz 2910ms (cache miss)
374 http fetch GET 200 https://registry.npmjs.org/@tanstack/query-core/-/query-core-5.90.5.tgz 2986ms (cache miss)
375 http fetch GET 200 https://registry.npmjs.org/@tanstack/react-query/-/react-query-5.90.5.tgz 3144ms (cache miss)
376 http fetch GET 200 https://registry.npmjs.org/follow-redirects/-/follow-redirects-1.15.11.tgz 3356ms (cache miss)
377 http fetch GET 200 https://registry.npmjs.org/axios/-/axios-1.13.1.tgz 3852ms (cache miss)
378 http fetch GET 200 https://registry.npmjs.org/@popperjs/core/-/core-2.11.8.tgz 3990ms (cache miss)
379 http fetch GET 200 https://registry.npmjs.org/es-errors/-/es-errors-1.3.0.tgz 4767ms (cache miss)
380 http fetch GET 200 https://registry.npmjs.org/bootstrap/-/bootstrap-5.3.8.tgz 4954ms (cache miss)
381 silly ADD node_modules/set-cookie-parser
382 silly ADD node_modules/cookie
383 silly ADD node_modules/react-router
384 silly ADD node_modules/mime-db
385 silly ADD node_modules/dunder-proto
386 silly ADD node_modules/math-intrinsics
387 silly ADD node_modules/has-symbols
388 silly ADD node_modules/gopd
389 silly ADD node_modules/get-proto
390 silly ADD node_modules/function-bind
391 silly ADD node_modules/es-object-atoms
392 silly ADD node_modules/es-define-property
393 silly ADD node_modules/call-bind-apply-helpers
394 silly ADD node_modules/has-tostringtag
395 silly ADD node_modules/get-intrinsic
396 silly ADD node_modules/es-errors
397 silly ADD node_modules/delayed-stream
398 silly ADD node_modules/mime-types
399 silly ADD node_modules/hasown
400 silly ADD node_modules/es-set-tostringtag
401 silly ADD node_modules/combined-stream
402 silly ADD node_modules/asynckit
403 silly ADD node_modules/proxy-from-env
404 silly ADD node_modules/form-data
405 silly ADD node_modules/follow-redirects
406 silly ADD node_modules/@tanstack/query-core
407 silly ADD node_modules/react-router-dom
408 silly ADD node_modules/@popperjs/core
409 silly ADD node_modules/bootstrap
410 silly ADD node_modules/axios
411 silly ADD node_modules/@tanstack/react-query
412 silly ADD node_modules/fsevents
413 silly ADD node_modules/@rollup/rollup-win32-x64-msvc
414 silly ADD node_modules/@rollup/rollup-win32-x64-gnu
415 silly ADD node_modules/@rollup/rollup-win32-ia32-msvc
416 silly ADD node_modules/@rollup/rollup-win32-arm64-msvc
417 silly ADD node_modules/@rollup/rollup-openharmony-arm64
418 silly ADD node_modules/@rollup/rollup-linux-x64-musl
419 silly ADD node_modules/@rollup/rollup-linux-x64-gnu
420 silly ADD node_modules/@rollup/rollup-linux-s390x-gnu
421 silly ADD node_modules/@rollup/rollup-linux-riscv64-musl
422 silly ADD node_modules/@rollup/rollup-linux-riscv64-gnu
423 silly ADD node_modules/@rollup/rollup-linux-ppc64-gnu
424 silly ADD node_modules/@rollup/rollup-linux-loong64-gnu
425 silly ADD node_modules/@rollup/rollup-linux-arm64-musl
426 silly ADD node_modules/@rollup/rollup-linux-arm64-gnu
427 silly ADD node_modules/@rollup/rollup-linux-arm-musleabihf
428 silly ADD node_modules/@rollup/rollup-linux-arm-gnueabihf
429 silly ADD node_modules/@rollup/rollup-freebsd-x64
430 silly ADD node_modules/@rollup/rollup-freebsd-arm64
431 silly ADD node_modules/@rollup/rollup-darwin-x64
432 silly ADD node_modules/@rollup/rollup-darwin-arm64
433 silly ADD node_modules/@rollup/rollup-android-arm-eabi
434 silly ADD node_modules/@esbuild/win32-x64
435 silly ADD node_modules/@esbuild/win32-ia32
436 silly ADD node_modules/@esbuild/win32-arm64
437 silly ADD node_modules/@esbuild/sunos-x64
438 silly ADD node_modules/@esbuild/openharmony-arm64
439 silly ADD node_modules/@esbuild/openbsd-x64
440 silly ADD node_modules/@esbuild/openbsd-arm64
441 silly ADD node_modules/@esbuild/netbsd-x64
442 silly ADD node_modules/@esbuild/netbsd-arm64
443 silly ADD node_modules/@esbuild/linux-x64
444 silly ADD node_modules/@esbuild/linux-s390x
445 silly ADD node_modules/@esbuild/linux-riscv64
446 silly ADD node_modules/@esbuild/linux-ppc64
447 silly ADD node_modules/@esbuild/linux-mips64el
448 silly ADD node_modules/@esbuild/linux-loong64
449 silly ADD node_modules/@esbuild/linux-ia32
450 silly ADD node_modules/@esbuild/linux-arm64
451 silly ADD node_modules/@esbuild/linux-arm
452 silly ADD node_modules/@esbuild/freebsd-x64
453 silly ADD node_modules/@esbuild/freebsd-arm64
454 silly ADD node_modules/@esbuild/darwin-x64
455 silly ADD node_modules/@esbuild/darwin-arm64
456 silly ADD node_modules/@esbuild/android-x64
457 silly ADD node_modules/@esbuild/android-arm
458 silly ADD node_modules/@esbuild/aix-ppc64
459 verbose cwd /data/data/com.termux/files/home/multivendor-frontend
460 verbose os Linux 5.10.198-android12-9-00085-g226a9632f13d-ab11136126
461 verbose node v24.9.0
462 verbose npm  v11.6.0
463 verbose exit 0
464 info ok
